<?xml version="1.0" encoding="UTF-8"?>
<!-- Generated by org.testng.reporters.JUnitReportReporter -->
<testsuite skipped="0" hostname="rahul-SVF14212SNW" name="org.kushala.selenium.v2.Testgrid" tests="1" failures="0" timestamp="2020-04-29T16:40:23 IST" time="65.526" errors="0">
  <testcase name="test1" time="65.526" classname="org.kushala.selenium.v2.Testgrid"/>
  <system-out/>
</testsuite> <!-- org.kushala.selenium.v2.Testgrid -->
